╔══════════════════════════════════════════════════════════════╗
║  DAT Phone Replacer (FileStream) - 日本語版                  ║
╠══════════════════════════════════════════════════════════════╣
║  時刻: 2026-01-12 22:06:00                                   ║
║  入力:  in/sample.dat                                        ║
║  出力: out/sample.dat                                        ║
║  マッピング: mapping/mapping_example.csv                     ║
╚══════════════════════════════════════════════════════════════╝

5 件の電話番号マッピングルールを読み込みました

ファイルサイズ: 5200 バイト
レコード数: 4 | フィールド数: 2
────────────────────────────────────────────────────────────────

[#   1] ヘッダー - スキップ
[#   2] 置換済み
  Phone-1: [1381234567] → [1391234567]
  Phone-2: [1391234567] マッチなし
[#   3] 置換済み
  Phone-1: [1382345678] → [1392345678]
  Phone-2: [1392345678] マッチなし
[#   4] 置換済み
  Phone-1: [1383456789] → [1393456789]
  Phone-2: [1393456789] マッチなし

────────────────────────────────────────────────────────────────
サマリー:
  修正レコード数: 3 / 4
  置換電話番号数: 3
────────────────────────────────────────────────────────────────
