╔══════════════════════════════════════════════════════════════╗
║  DAT Phone Replacer (Python - FileStream)                    ║
╠══════════════════════════════════════════════════════════════╣
║  时间: 2026-01-17 22:30:46                               ║
║  输入:  in/sample.dat                                     ║
║  输出: out/sample.dat                                    ║
║  映射: mapping/mapping.csv                               ║
╚══════════════════════════════════════════════════════════════╝

已加载 5 条电话号码映射规则

文件大小: 5200 字节
记录总数: 4 | 字段数量: 2
────────────────────────────────────────────────────────────────

[#   1] HEADER - 已跳过
[#   2] REPLACED
  Phone-1: [1381234567] → [1991234567]
  Phone-2: [1391234567] → [1891234567]
[#   3] REPLACED
  Phone-1: [1382345678] → [1992345678]
  Phone-2: [1392345678] 无匹配
[#   4] REPLACED
  Phone-1: [1383456789] → [1993456789]
  Phone-2: [1393456789] → [1893456789]

────────────────────────────────────────────────────────────────
处理摘要:
  修改记录数: 3 / 4
  替换号码数: 5
────────────────────────────────────────────────────────────────